TN:
SF:/Users/etienne.chabert/cost-goblin/packages/ui/src/lib/utils.ts
FNF:0
FNH:0
DA:1,1
DA:2,1
DA:3,1
DA:4,1
DA:5,1
DA:6,1
LF:6
LH:6
BRF:0
BRH:0
end_of_record
TN:
SF:/Users/etienne.chabert/cost-goblin/packages/ui/src/hooks/use-cost-api.ts
FN:6,useCostApi
FNF:1
FNH:1
FNDA:81,useCostApi
DA:1,1
DA:2,1
DA:3,1
DA:4,1
DA:5,1
DA:6,1
DA:7,81
DA:8,81
DA:9,81
DA:10,81
DA:11,1
DA:12,1
LF:12
LH:12
BRF:0
BRH:0
end_of_record
TN:
SF:/Users/etienne.chabert/cost-goblin/packages/ui/src/hooks/use-query.ts
FN:4,useQuery
FNF:1
FNH:1
FNDA:319,useQuery
DA:1,1
DA:2,1
DA:3,1
DA:4,1
DA:5,319
DA:6,319
DA:7,319
DA:8,319
DA:9,319
DA:10,319
DA:11,53
DA:12,53
DA:13,53
DA:14,53
DA:15,53
DA:16,53
DA:17,22
DA:18,53
DA:19,53
DA:20,31
DA:21,27
DA:22,27
DA:23,27
DA:24,27
DA:25,27
DA:26,53
DA:27,53
DA:28,53
DA:29,46
DA:30,46
DA:31,319
DA:32,319
DA:33,319
DA:34,319
LF:34
LH:34
BRDA:10,0,0,53
BRDA:16,1,0,22
BRDA:19,2,0,31
BRDA:20,3,0,27
BRDA:23,4,0,-
BRDA:28,5,0,46
BRF:6
BRH:5
end_of_record
TN:
SF:/Users/etienne.chabert/cost-goblin/packages/ui/src/components/ui/card.tsx
FNF:0
FNH:0
DA:1,1
DA:2,1
DA:3,1
DA:4,1
DA:5,1
DA:6,1
DA:7,1
DA:8,1
DA:9,1
DA:10,1
DA:11,1
DA:12,1
DA:13,1
DA:14,1
DA:15,1
DA:16,1
DA:17,1
DA:18,1
DA:19,1
DA:20,1
DA:21,1
DA:22,1
DA:23,1
DA:24,1
DA:25,1
DA:26,1
DA:27,1
DA:28,1
DA:29,1
DA:30,1
DA:31,1
DA:32,1
DA:33,1
DA:34,1
DA:35,1
DA:36,1
DA:37,1
DA:38,1
DA:39,1
DA:40,1
DA:41,1
DA:42,1
DA:43,1
DA:44,1
DA:45,1
DA:46,1
DA:47,1
DA:48,1
DA:49,1
DA:50,1
DA:51,1
DA:52,1
DA:53,1
DA:54,1
DA:55,1
DA:56,1
DA:57,1
DA:58,1
DA:59,1
DA:60,1
DA:61,1
DA:62,1
DA:63,1
DA:64,1
DA:65,1
DA:66,1
DA:67,1
DA:68,1
DA:69,1
DA:70,1
DA:71,1
DA:72,1
LF:72
LH:72
BRF:0
BRH:0
end_of_record
TN:
SF:/Users/etienne.chabert/cost-goblin/packages/ui/src/components/ui/button.tsx
FNF:0
FNH:0
DA:1,1
DA:2,1
DA:3,1
DA:4,1
DA:5,1
DA:6,1
DA:7,1
DA:8,1
DA:9,1
DA:10,1
DA:11,1
DA:12,1
DA:13,1
DA:14,1
DA:15,1
DA:16,1
DA:17,1
DA:18,1
DA:19,1
DA:20,1
DA:21,1
DA:22,1
DA:23,1
DA:24,1
DA:25,1
DA:26,1
DA:27,1
DA:28,1
DA:29,1
DA:30,1
DA:31,1
DA:32,1
DA:33,1
DA:34,1
DA:35,1
DA:36,1
DA:37,1
DA:38,1
DA:39,1
DA:40,1
DA:41,1
DA:42,1
DA:43,1
DA:44,1
DA:45,1
DA:46,1
DA:47,1
DA:48,1
DA:49,1
DA:50,1
DA:51,1
DA:52,1
DA:53,1
DA:54,1
DA:55,1
DA:56,1
DA:57,1
LF:57
LH:57
BRF:0
BRH:0
end_of_record
TN:
SF:/Users/etienne.chabert/cost-goblin/packages/ui/src/components/error-boundary.tsx
FN:22,render
FN:41,onClick
FNF:2
FNH:1
FNDA:13,render
FNDA:0,onClick
DA:1,1
DA:2,1
DA:3,1
DA:4,1
DA:5,1
DA:6,1
DA:7,1
DA:8,1
DA:9,1
DA:10,1
DA:11,1
DA:12,1
DA:13,1
DA:14,1
DA:15,1
DA:16,1
DA:17,1
DA:18,1
DA:19,1
DA:20,1
DA:21,1
DA:22,1
DA:23,13
DA:24,13
DA:25,13
DA:26,13
DA:27,13
DA:28,13
DA:29,13
DA:30,13
DA:31,13
DA:32,13
DA:33,13
DA:34,13
DA:35,13
DA:36,13
DA:37,13
DA:38,13
DA:39,13
DA:40,13
DA:41,13
DA:42,13
DA:43,13
DA:44,13
DA:45,13
DA:46,13
DA:47,13
DA:48,13
DA:49,13
DA:50,13
DA:51,13
DA:52,13
DA:53,1
LF:53
LH:53
BRF:0
BRH:0
end_of_record
TN:
SF:/Users/etienne.chabert/cost-goblin/packages/ui/src/components/format.ts
FN:1,formatDollars
FN:16,formatDate
FNF:2
FNH:2
FNDA:58,formatDollars
FNDA:56,formatDate
DA:1,1
DA:2,58
DA:3,58
DA:4,58
DA:5,58
DA:6,58
DA:7,58
DA:8,58
DA:9,58
DA:10,1
DA:11,1
DA:12,1
DA:13,1
DA:14,1
DA:15,1
DA:16,1
DA:17,56
DA:18,56
DA:19,56
DA:20,56
DA:21,56
DA:22,56
DA:23,56
DA:24,56
DA:25,56
DA:26,56
LF:26
LH:26
BRF:0
BRH:0
end_of_record
TN:
SF:/Users/etienne.chabert/cost-goblin/packages/ui/src/components/bubble-chart.tsx
FNF:0
FNH:0
DA:1,1
DA:2,1
DA:3,1
DA:4,1
DA:5,1
DA:6,1
DA:7,1
DA:8,1
DA:9,1
DA:10,1
DA:11,1
DA:12,1
DA:13,1
DA:14,1
DA:15,1
DA:16,1
DA:17,1
DA:18,1
DA:19,1
DA:20,1
DA:21,1
DA:22,1
DA:23,1
DA:24,1
DA:25,1
DA:26,1
DA:27,1
DA:28,1
DA:29,1
DA:30,1
DA:31,1
DA:32,1
DA:33,1
DA:34,1
DA:35,1
DA:36,1
DA:37,1
DA:38,1
DA:39,1
DA:40,1
DA:41,1
DA:42,1
DA:43,1
DA:44,1
DA:45,1
DA:46,1
DA:47,1
DA:48,1
DA:49,1
DA:50,1
DA:51,1
DA:52,1
DA:53,1
DA:54,1
DA:55,1
DA:56,1
DA:57,1
DA:58,1
DA:59,1
DA:60,1
DA:61,1
DA:62,1
DA:63,1
DA:64,1
DA:65,1
DA:66,1
DA:67,1
DA:68,1
DA:69,1
DA:70,1
DA:71,1
DA:72,1
DA:73,1
DA:74,1
DA:75,1
DA:76,1
DA:77,1
DA:78,1
DA:79,1
DA:80,1
DA:81,1
DA:82,1
DA:83,1
DA:84,1
DA:85,1
DA:86,1
DA:87,1
DA:88,1
DA:89,1
DA:90,1
DA:91,1
DA:92,1
DA:93,1
DA:94,1
DA:95,1
DA:96,1
DA:97,1
DA:98,1
DA:99,1
DA:100,1
DA:101,1
DA:102,1
DA:103,1
DA:104,1
DA:105,1
DA:106,1
DA:107,1
DA:108,1
DA:109,1
DA:110,1
DA:111,1
DA:112,1
DA:113,1
DA:114,1
DA:115,1
DA:116,1
DA:117,1
DA:118,1
DA:119,1
DA:120,1
DA:121,1
DA:122,1
DA:123,1
DA:124,1
DA:125,1
DA:126,1
DA:127,1
DA:128,1
DA:129,1
DA:130,1
DA:131,1
DA:132,1
DA:133,1
DA:134,1
DA:135,1
DA:136,1
DA:137,1
DA:138,1
DA:139,1
DA:140,1
DA:141,1
DA:142,1
DA:143,1
DA:144,1
DA:145,1
DA:146,1
DA:147,1
DA:148,1
DA:149,1
DA:150,1
DA:151,1
DA:152,1
DA:153,1
DA:154,1
DA:155,1
DA:156,1
DA:157,1
DA:158,1
DA:159,1
DA:160,1
DA:161,1
DA:162,1
DA:163,1
DA:164,1
DA:165,1
DA:166,1
DA:167,1
DA:168,1
DA:169,1
DA:170,1
DA:171,1
DA:172,1
DA:173,1
DA:174,1
DA:175,1
DA:176,1
DA:177,1
DA:178,1
DA:179,1
DA:180,1
DA:181,1
DA:182,1
DA:183,1
DA:184,1
DA:185,1
DA:186,1
DA:187,1
DA:188,1
DA:189,1
DA:190,1
DA:191,1
DA:192,1
DA:193,1
DA:194,1
DA:195,1
DA:196,1
DA:197,1
DA:198,1
DA:199,1
DA:200,1
DA:201,1
DA:202,1
DA:203,1
DA:204,1
DA:205,1
DA:206,1
DA:207,1
DA:208,1
DA:209,1
DA:210,1
DA:211,1
DA:212,1
DA:213,1
DA:214,1
DA:215,1
DA:216,1
DA:217,1
DA:218,1
DA:219,1
DA:220,1
DA:221,1
DA:222,1
DA:223,1
DA:224,1
DA:225,1
DA:226,1
DA:227,1
DA:228,1
DA:229,1
DA:230,1
DA:231,1
DA:232,1
DA:233,1
DA:234,1
LF:234
LH:234
BRF:0
BRH:0
end_of_record
TN:
SF:/Users/etienne.chabert/cost-goblin/packages/core/src/types/branded.ts
FN:10,asDimensionId
FN:26,asDollars
FN:30,asDateString
FNF:3
FNH:3
FNDA:414,asDimensionId
FNDA:6,asDollars
FNDA:214,asDateString
DA:1,1
DA:2,1
DA:3,1
DA:4,1
DA:5,1
DA:6,1
DA:7,1
DA:8,1
DA:9,1
DA:10,1
DA:11,414
DA:12,414
DA:13,1
DA:14,1
DA:15,1
DA:16,1
DA:17,1
DA:18,1
DA:19,1
DA:20,1
DA:21,1
DA:22,1
DA:23,1
DA:24,1
DA:25,1
DA:26,1
DA:27,6
DA:28,6
DA:29,1
DA:30,1
DA:31,214
DA:32,214
LF:32
LH:32
BRDA:26,0,0,6
BRF:1
BRH:1
end_of_record
TN:
SF:/Users/etienne.chabert/cost-goblin/packages/ui/src/components/confirm-modal.tsx
FNF:0
FNH:0
DA:1,1
DA:2,1
DA:3,1
DA:4,1
DA:5,1
DA:6,1
DA:7,1
DA:8,1
DA:9,1
DA:10,1
DA:11,1
DA:12,1
DA:13,1
DA:14,1
DA:15,1
DA:16,1
DA:17,1
DA:18,1
DA:19,1
DA:20,1
DA:21,1
DA:22,1
DA:23,1
DA:24,1
DA:25,1
DA:26,1
DA:27,1
DA:28,1
DA:29,1
DA:30,1
DA:31,1
DA:32,1
DA:33,1
DA:34,1
DA:35,1
DA:36,1
DA:37,1
DA:38,1
DA:39,1
DA:40,1
DA:41,1
DA:42,1
DA:43,1
DA:44,1
DA:45,1
DA:46,1
DA:47,1
DA:48,1
DA:49,1
DA:50,1
DA:51,1
DA:52,1
DA:53,1
DA:54,1
DA:55,1
DA:56,1
DA:57,1
DA:58,1
DA:59,1
DA:60,1
DA:61,1
DA:62,1
DA:63,1
DA:64,1
DA:65,1
DA:66,1
DA:67,1
DA:68,1
DA:69,1
DA:70,1
DA:71,1
DA:72,1
DA:73,1
DA:74,1
LF:74
LH:74
BRF:0
BRH:0
end_of_record
TN:
SF:/Users/etienne.chabert/cost-goblin/packages/ui/src/lib/dimensions.ts
FN:4,getDimensionId
FN:11,getDimensionLabel
FN:15,isTagDimension
FN:19,isEnvironmentDimension
FN:23,isOwnerDimension
FN:27,isProductDimension
FNF:6
FNH:6
FNDA:962,getDimensionId
FNDA:255,getDimensionLabel
FNDA:72,isTagDimension
FNDA:672,isEnvironmentDimension
FNDA:714,isOwnerDimension
FNDA:609,isProductDimension
DA:1,1
DA:2,1
DA:3,1
DA:4,1
DA:5,962
DA:6,457
DA:7,457
DA:8,505
DA:9,505
DA:10,1
DA:11,1
DA:12,255
DA:13,255
DA:14,1
DA:15,1
DA:16,72
DA:17,72
DA:18,1
DA:19,1
DA:20,672
DA:21,672
DA:22,1
DA:23,1
DA:24,714
DA:25,714
DA:26,1
DA:27,1
DA:28,609
DA:29,609
LF:29
LH:29
BRDA:4,0,0,962
BRDA:5,1,0,457
BRDA:7,2,0,505
BRDA:11,3,0,255
BRDA:15,4,0,72
BRDA:19,5,0,672
BRDA:20,6,0,336
BRDA:23,7,0,714
BRDA:24,8,0,294
BRDA:27,9,0,609
BRDA:28,10,0,189
BRF:11
BRH:11
end_of_record
TN:
SF:/Users/etienne.chabert/cost-goblin/packages/ui/src/components/filter-bar.tsx
FN:26,FilterBar
FN:36,handleClickOutside
FN:47,withoutFilter
FN:58,handleChipClick
FN:88,handleClearFilter
FN:93,handleClearFilterKey
FN:99,handleSelectValue
FN:107,handleClearAll
FN:129,onClick
FN:144,onClick
FN:145,onKeyDown
FN:164,onChange
FN:165,onKeyDown
FNF:13
FNH:2
FNDA:25,FilterBar
FNDA:4,handleClickOutside
FNDA:0,withoutFilter
FNDA:0,handleChipClick
FNDA:0,handleClearFilter
FNDA:0,handleClearFilterKey
FNDA:0,handleSelectValue
FNDA:0,handleClearAll
FNDA:0,onClick
FNDA:0,onClick
FNDA:0,onKeyDown
FNDA:0,onChange
FNDA:0,onKeyDown
DA:1,1
DA:2,1
DA:3,1
DA:4,1
DA:5,1
DA:6,1
DA:7,1
DA:8,1
DA:9,1
DA:10,1
DA:11,1
DA:12,1
DA:13,1
DA:14,1
DA:15,1
DA:16,1
DA:17,1
DA:18,1
DA:19,1
DA:20,1
DA:21,1
DA:22,1
DA:23,1
DA:24,1
DA:25,1
DA:26,1
DA:27,25
DA:28,25
DA:29,25
DA:30,25
DA:31,25
DA:32,25
DA:33,25
DA:34,25
DA:35,25
DA:36,4
DA:37,4
DA:38,4
DA:39,4
DA:40,4
DA:41,4
DA:42,4
DA:43,4
DA:44,4
DA:45,25
DA:46,25
DA:47,25
DA:48,0
DA:49,0
DA:50,0
DA:51,0
DA:52,0
DA:53,0
DA:54,0
DA:55,0
DA:56,0
DA:57,25
DA:58,25
DA:59,0
DA:60,0
DA:61,0
DA:62,0
DA:63,0
DA:64,0
DA:65,0
DA:66,0
DA:67,0
DA:68,0
DA:69,0
DA:70,0
DA:71,0
DA:72,0
DA:73,0
DA:74,0
DA:75,0
DA:76,0
DA:77,0
DA:78,0
DA:79,0
DA:80,0
DA:81,0
DA:82,0
DA:83,0
DA:84,0
DA:85,0
DA:86,0
DA:87,25
DA:88,25
DA:89,0
DA:90,0
DA:91,0
DA:92,25
DA:93,25
DA:94,0
DA:95,0
DA:96,0
DA:97,0
DA:98,25
DA:99,25
DA:100,0
DA:101,0
DA:102,0
DA:103,0
DA:104,0
DA:105,0
DA:106,25
DA:107,25
DA:108,0
DA:109,0
DA:110,25
DA:111,25
DA:112,25
DA:113,25
DA:114,200
DA:115,200
DA:116,200
DA:117,200
DA:118,200
DA:119,200
DA:120,0
DA:121,0
DA:122,200
DA:123,200
DA:124,200
DA:125,200
DA:126,200
DA:127,200
DA:128,200
DA:129,200
DA:130,200
DA:131,200
DA:132,200
DA:133,0
DA:134,200
DA:135,200
DA:136,200
DA:137,200
DA:138,0
DA:139,0
DA:140,0
DA:141,0
DA:142,0
DA:143,0
DA:144,0
DA:145,0
DA:146,0
DA:147,0
DA:148,0
DA:149,0
DA:150,0
DA:151,200
DA:152,200
DA:153,200
DA:154,200
DA:155,200
DA:156,200
DA:157,0
DA:158,0
DA:159,0
DA:160,0
DA:161,0
DA:162,0
DA:163,0
DA:164,0
DA:165,0
DA:166,0
DA:167,0
DA:168,0
DA:169,0
DA:170,0
DA:171,0
DA:172,0
DA:173,0
DA:174,0
DA:175,0
DA:176,0
DA:177,0
DA:178,0
DA:179,0
DA:180,0
DA:181,0
DA:182,0
DA:183,0
DA:184,0
DA:185,0
DA:186,0
DA:187,0
DA:188,0
DA:189,0
DA:190,0
DA:191,0
DA:192,0
DA:193,0
DA:194,0
DA:195,0
DA:196,0
DA:197,0
DA:198,0
DA:199,0
DA:200,0
DA:201,0
DA:202,0
DA:203,0
DA:204,0
DA:205,0
DA:206,0
DA:207,0
DA:208,0
DA:209,200
DA:210,200
DA:211,200
DA:212,25
DA:213,25
DA:214,25
DA:215,0
DA:216,0
DA:217,0
DA:218,0
DA:219,0
DA:220,25
DA:221,25
DA:222,25
DA:223,25
DA:224,25
DA:225,25
LF:225
LH:100
BRDA:26,0,0,25
BRDA:214,1,0,-
BRDA:35,2,0,4
BRDA:36,3,0,4
BRDA:44,4,0,4
BRDA:113,5,0,200
BRDA:119,6,0,-
BRDA:132,7,0,-
BRDA:137,8,0,-
BRDA:156,9,0,-
BRF:10
BRH:5
end_of_record
TN:
SF:/Users/etienne.chabert/cost-goblin/packages/ui/src/components/summary-card.tsx
FN:9,SummaryCard
FNF:1
FNH:1
FNDA:28,SummaryCard
DA:1,1
DA:2,1
DA:3,1
DA:4,1
DA:5,1
DA:6,1
DA:7,1
DA:8,1
DA:9,1
DA:10,28
DA:11,28
DA:12,28
DA:13,28
DA:14,28
DA:15,28
DA:16,28
DA:17,28
DA:18,28
DA:19,28
DA:20,28
DA:21,28
DA:22,28
DA:23,28
DA:24,28
DA:25,28
DA:26,28
DA:27,28
DA:28,28
DA:29,28
DA:30,28
DA:31,28
DA:32,28
DA:33,28
DA:34,28
DA:35,28
DA:36,28
DA:37,28
DA:38,28
DA:39,28
DA:40,28
DA:41,28
DA:42,28
DA:43,28
DA:44,28
DA:45,28
DA:46,28
DA:47,28
DA:48,28
DA:49,28
DA:50,28
DA:51,28
DA:52,28
DA:53,28
DA:54,28
DA:55,28
DA:56,28
DA:57,28
DA:58,28
DA:59,28
DA:60,28
DA:61,28
LF:61
LH:61
BRF:0
BRH:0
end_of_record
TN:
SF:/Users/etienne.chabert/cost-goblin/packages/ui/src/components/dimension-selector.tsx
FN:10,DimensionSelector
FN:20,onClick
FNF:2
FNH:1
FNDA:9,DimensionSelector
FNDA:0,onClick
DA:1,1
DA:2,1
DA:3,1
DA:4,1
DA:5,1
DA:6,1
DA:7,1
DA:8,1
DA:9,1
DA:10,1
DA:11,9
DA:12,9
DA:13,9
DA:14,72
DA:15,72
DA:16,72
DA:17,72
DA:18,72
DA:19,72
DA:20,72
DA:21,72
DA:22,72
DA:23,72
DA:24,9
DA:25,63
DA:26,72
DA:27,72
DA:28,72
DA:29,72
DA:30,72
DA:31,9
DA:32,9
DA:33,9
DA:34,9
LF:34
LH:34
BRDA:10,0,0,9
BRDA:13,1,0,72
BRDA:23,2,0,9
BRDA:24,3,0,63
BRF:4
BRH:4
end_of_record
TN:
SF:/Users/etienne.chabert/cost-goblin/packages/ui/src/lib/palette.ts
FNF:0
FNH:0
DA:1,1
DA:2,1
DA:3,1
DA:4,1
DA:5,1
DA:6,1
DA:7,1
DA:8,1
DA:9,1
DA:10,1
DA:11,1
DA:12,1
DA:13,1
DA:14,1
DA:15,1
LF:15
LH:15
BRF:0
BRH:0
end_of_record
TN:
SF:/Users/etienne.chabert/cost-goblin/packages/ui/src/components/pie-chart.tsx
FN:32,aggregateOther
FN:59,PieChartInner
FN:101,onChange
FN:136,pieValue
FN:141,children
FN:225,useContainerWidth
FN:248,PieChart
FNF:7
FNH:5
FNDA:30,aggregateOther
FNDA:30,PieChartInner
FNDA:0,onChange
FNDA:0,pieValue
FNDA:30,children
FNDA:93,useContainerWidth
FNDA:93,PieChart
DA:1,1
DA:2,1
DA:3,1
DA:4,1
DA:5,1
DA:6,1
DA:7,1
DA:8,1
DA:9,1
DA:10,1
DA:11,1
DA:12,1
DA:13,1
DA:14,1
DA:15,1
DA:16,1
DA:17,1
DA:18,1
DA:19,1
DA:20,1
DA:21,1
DA:22,1
DA:23,1
DA:24,1
DA:25,1
DA:26,1
DA:27,1
DA:28,1
DA:29,1
DA:30,1
DA:31,1
DA:32,30
DA:33,30
DA:34,0
DA:35,0
DA:36,0
DA:37,0
DA:38,0
DA:39,0
DA:40,1
DA:41,1
DA:42,1
DA:43,1
DA:44,1
DA:45,1
DA:46,1
DA:47,1
DA:48,1
DA:49,1
DA:50,1
DA:51,1
DA:52,1
DA:53,1
DA:54,1
DA:55,1
DA:56,1
DA:57,1
DA:58,1
DA:59,30
DA:60,30
DA:61,30
DA:62,30
DA:63,30
DA:64,30
DA:65,30
DA:66,30
DA:67,30
DA:68,30
DA:69,30
DA:70,30
DA:71,30
DA:72,30
DA:73,30
DA:74,30
DA:75,30
DA:76,30
DA:77,30
DA:78,30
DA:79,30
DA:80,30
DA:81,30
DA:82,30
DA:83,30
DA:84,0
DA:85,0
DA:86,30
DA:87,30
DA:88,30
DA:89,0
DA:90,0
DA:91,30
DA:92,30
DA:93,30
DA:94,30
DA:95,30
DA:96,30
DA:97,30
DA:98,30
DA:99,27
DA:100,27
DA:101,27
DA:102,27
DA:103,27
DA:104,27
DA:105,27
DA:106,216
DA:107,216
DA:108,216
DA:109,27
DA:110,3
DA:111,3
DA:112,3
DA:113,30
DA:114,30
DA:115,30
DA:116,30
DA:117,30
DA:118,30
DA:119,30
DA:120,30
DA:121,30
DA:122,30
DA:123,30
DA:124,30
DA:125,30
DA:126,30
DA:127,30
DA:128,30
DA:129,30
DA:130,30
DA:131,30
DA:132,30
DA:133,30
DA:134,30
DA:135,30
DA:136,30
DA:137,30
DA:138,30
DA:139,30
DA:140,30
DA:141,30
DA:142,30
DA:143,0
DA:144,0
DA:145,0
DA:146,0
DA:147,0
DA:148,0
DA:149,0
DA:150,0
DA:151,0
DA:152,0
DA:153,0
DA:154,0
DA:155,0
DA:156,0
DA:157,0
DA:158,0
DA:159,0
DA:160,0
DA:161,0
DA:162,0
DA:163,0
DA:164,0
DA:165,0
DA:166,0
DA:167,0
DA:168,0
DA:169,0
DA:170,30
DA:171,30
DA:172,30
DA:173,30
DA:174,30
DA:175,30
DA:176,30
DA:177,30
DA:178,0
DA:179,0
DA:180,0
DA:181,0
DA:182,0
DA:183,0
DA:184,0
DA:185,0
DA:186,0
DA:187,0
DA:188,0
DA:189,0
DA:190,0
DA:191,0
DA:192,0
DA:193,0
DA:194,0
DA:195,0
DA:196,0
DA:197,0
DA:198,0
DA:199,0
DA:200,0
DA:201,0
DA:202,0
DA:203,0
DA:204,0
DA:205,0
DA:206,0
DA:207,0
DA:208,0
DA:209,0
DA:210,0
DA:211,0
DA:212,0
DA:213,0
DA:214,0
DA:215,0
DA:216,0
DA:217,0
DA:218,30
DA:219,30
DA:220,30
DA:221,30
DA:222,30
DA:223,30
DA:224,1
DA:225,93
DA:226,93
DA:227,93
DA:228,93
DA:229,93
DA:230,12
DA:231,12
DA:232,12
DA:233,12
DA:234,12
DA:235,12
DA:236,12
DA:237,12
DA:238,12
DA:239,12
DA:240,12
DA:241,93
DA:242,93
DA:243,93
DA:244,93
DA:245,1
DA:246,1
DA:247,1
DA:248,1
DA:249,93
DA:250,93
DA:251,93
DA:252,93
DA:253,93
DA:254,93
DA:255,93
DA:256,93
DA:257,93
DA:258,93
DA:259,93
DA:260,93
LF:260
LH:183
BRDA:32,0,0,30
BRDA:33,1,0,-
BRDA:59,2,0,30
BRDA:98,3,0,27
BRDA:98,4,0,27
BRDA:100,5,0,-
BRDA:109,6,0,3
BRDA:105,7,0,216
BRDA:141,8,0,30
BRDA:229,9,0,12
BRDA:231,10,0,-
BRDA:233,11,0,12
BRDA:240,12,0,12
BRF:13
BRH:10
end_of_record
TN:
SF:/Users/etienne.chabert/cost-goblin/packages/ui/src/components/stacked-bar-chart.tsx
FN:23,StackedBarChart
FN:52,onClick
FNF:2
FNH:1
FNDA:28,StackedBarChart
FNDA:0,onClick
DA:1,1
DA:2,1
DA:3,1
DA:4,1
DA:5,1
DA:6,1
DA:7,1
DA:8,1
DA:9,1
DA:10,1
DA:11,1
DA:12,1
DA:13,1
DA:14,1
DA:15,1
DA:16,1
DA:17,1
DA:18,1
DA:19,1
DA:20,1
DA:21,1
DA:22,1
DA:23,1
DA:24,28
DA:25,28
DA:26,28
DA:27,28
DA:28,28
DA:29,28
DA:30,28
DA:31,28
DA:32,28
DA:33,28
DA:34,28
DA:35,28
DA:36,28
DA:37,28
DA:38,28
DA:39,28
DA:40,28
DA:41,28
DA:42,28
DA:43,28
DA:44,28
DA:45,28
DA:46,28
DA:47,28
DA:48,28
DA:49,84
DA:50,84
DA:51,28
DA:52,28
DA:53,28
DA:54,28
DA:55,28
DA:56,28
DA:57,28
DA:58,28
DA:59,28
DA:60,28
DA:61,28
DA:62,28
DA:63,28
DA:64,28
DA:65,28
DA:66,28
DA:67,28
DA:68,28
DA:69,28
DA:70,28
DA:71,28
DA:72,28
DA:73,28
DA:74,28
DA:75,28
DA:76,28
DA:77,28
DA:78,28
DA:79,28
DA:80,0
DA:81,0
DA:82,0
DA:83,0
DA:84,0
DA:85,0
DA:86,0
DA:87,0
DA:88,0
DA:89,0
DA:90,0
DA:91,0
DA:92,0
DA:93,0
DA:94,0
DA:95,0
DA:96,0
DA:97,0
DA:98,0
DA:99,0
DA:100,0
DA:101,0
DA:102,0
DA:103,0
DA:104,0
DA:105,0
DA:106,0
DA:107,0
DA:108,0
DA:109,0
DA:110,0
DA:111,0
DA:112,0
DA:113,0
DA:114,0
DA:115,0
DA:116,0
DA:117,0
DA:118,0
DA:119,0
DA:120,0
DA:121,0
DA:122,0
DA:123,0
DA:124,0
DA:125,0
DA:126,0
DA:127,0
DA:128,0
DA:129,0
DA:130,0
DA:131,0
DA:132,0
DA:133,0
DA:134,0
DA:135,0
DA:136,0
DA:137,0
DA:138,0
DA:139,0
DA:140,0
DA:141,0
DA:142,0
DA:143,0
DA:144,0
DA:145,0
DA:146,0
DA:147,0
DA:148,0
DA:149,0
DA:150,0
DA:151,0
DA:152,0
DA:153,0
DA:154,0
DA:155,0
DA:156,0
DA:157,0
DA:158,0
DA:159,0
DA:160,0
DA:161,0
DA:162,0
DA:163,0
DA:164,0
DA:165,0
DA:166,0
DA:167,0
DA:168,0
DA:169,0
DA:170,0
DA:171,0
DA:172,0
DA:173,0
DA:174,0
DA:175,0
DA:176,0
DA:177,0
DA:178,0
DA:179,0
DA:180,0
DA:181,0
DA:182,0
DA:183,0
DA:184,0
DA:185,0
DA:186,0
DA:187,0
DA:188,0
DA:189,0
DA:190,0
DA:191,0
DA:192,0
DA:193,0
DA:194,0
DA:195,0
DA:196,0
DA:197,0
DA:198,0
DA:199,0
DA:200,0
DA:201,0
DA:202,0
DA:203,0
DA:204,0
DA:205,0
DA:206,28
DA:207,28
DA:208,28
DA:209,28
DA:210,28
LF:210
LH:84
BRF:0
BRH:0
end_of_record
TN:
SF:/Users/etienne.chabert/cost-goblin/packages/ui/src/hooks/use-cost-focus.ts
FN:74,useCostFocus
FN:78,useCostFocusDispatch
FN:82,useCostFocusReducer
FNF:3
FNH:3
FNDA:56,useCostFocus
FNDA:56,useCostFocusDispatch
FNDA:4,useCostFocusReducer
DA:1,1
DA:2,1
DA:3,1
DA:4,1
DA:5,1
DA:6,1
DA:7,1
DA:8,1
DA:9,1
DA:10,1
DA:11,1
DA:12,1
DA:13,1
DA:14,1
DA:15,1
DA:16,1
DA:17,1
DA:18,1
DA:19,1
DA:20,1
DA:21,1
DA:22,1
DA:23,1
DA:24,1
DA:25,1
DA:26,1
DA:27,1
DA:28,1
DA:29,1
DA:30,1
DA:31,1
DA:32,1
DA:33,1
DA:34,1
DA:35,1
DA:36,1
DA:37,1
DA:38,1
DA:39,1
DA:40,1
DA:41,1
DA:42,1
DA:43,1
DA:44,1
DA:45,1
DA:46,1
DA:47,1
DA:48,1
DA:49,1
DA:50,1
DA:51,1
DA:52,1
DA:53,1
DA:54,1
DA:55,1
DA:56,1
DA:57,1
DA:58,1
DA:59,1
DA:60,1
DA:61,1
DA:62,1
DA:63,1
DA:64,1
DA:65,1
DA:66,1
DA:67,1
DA:68,1
DA:69,1
DA:70,1
DA:71,1
DA:72,1
DA:73,1
DA:74,1
DA:75,56
DA:76,56
DA:77,1
DA:78,1
DA:79,56
DA:80,56
DA:81,1
DA:82,1
DA:83,4
DA:84,4
LF:84
LH:84
BRF:0
BRH:0
end_of_record
TN:
SF:/Users/etienne.chabert/cost-goblin/packages/ui/src/components/filter-active-banner.tsx
FN:3,FilterActiveBanner
FN:39,onClick
FNF:2
FNH:1
FNDA:28,FilterActiveBanner
FNDA:0,onClick
DA:1,1
DA:2,1
DA:3,1
DA:4,28
DA:5,28
DA:6,28
DA:7,28
DA:8,28
DA:9,28
DA:10,28
DA:11,28
DA:12,28
DA:13,28
DA:14,28
DA:15,28
DA:16,28
DA:17,28
DA:18,28
DA:19,28
DA:20,28
DA:21,28
DA:22,28
DA:23,28
DA:24,28
DA:25,28
DA:26,28
DA:27,28
DA:28,28
DA:29,28
DA:30,28
DA:31,28
DA:32,28
DA:33,28
DA:34,28
DA:35,28
DA:36,28
DA:37,28
DA:38,28
DA:39,28
DA:40,28
DA:41,28
DA:42,28
DA:43,28
DA:44,28
DA:45,28
DA:46,28
DA:47,28
DA:48,28
LF:48
LH:48
BRF:0
BRH:0
end_of_record
TN:
SF:/Users/etienne.chabert/cost-goblin/packages/ui/src/components/date-range-picker.tsx
FN:19,daysAgo
FN:35,getDefaultDateRange
FN:39,DateRangePicker
FN:43,isActive
FN:47,handlePreset
FN:52,handleCustomToggle
FN:68,onClick
FN:100,onClick
FN:119,onChange
FN:126,onChange
FNF:10
FNH:4
FNDA:146,daysAgo
FNDA:3,getDefaultDateRange
FNDA:28,DateRangePicker
FNDA:112,isActive
FNDA:0,handlePreset
FNDA:0,handleCustomToggle
FNDA:0,onClick
FNDA:0,onClick
FNDA:0,onChange
FNDA:0,onChange
DA:1,1
DA:2,1
DA:3,1
DA:4,1
DA:5,1
DA:6,1
DA:7,1
DA:8,1
DA:9,1
DA:10,1
DA:11,1
DA:12,1
DA:13,1
DA:14,1
DA:15,1
DA:16,1
DA:17,1
DA:18,1
DA:19,146
DA:20,146
DA:21,146
DA:22,146
DA:23,1
DA:24,1
DA:25,1
DA:26,1
DA:27,1
DA:28,1
DA:29,1
DA:30,1
DA:31,1
DA:32,1
DA:33,1
DA:34,1
DA:35,1
DA:36,3
DA:37,3
DA:38,1
DA:39,1
DA:40,28
DA:41,28
DA:42,28
DA:43,28
DA:44,112
DA:45,112
DA:46,28
DA:47,28
DA:48,0
DA:49,0
DA:50,0
DA:51,28
DA:52,28
DA:53,0
DA:54,0
DA:55,28
DA:56,28
DA:57,28
DA:58,28
DA:59,28
DA:60,28
DA:61,28
DA:62,28
DA:63,28
DA:64,28
DA:65,84
DA:66,84
DA:67,28
DA:68,28
DA:69,28
DA:70,28
DA:71,28
DA:72,28
DA:73,28
DA:74,28
DA:75,28
DA:76,28
DA:77,28
DA:78,28
DA:79,28
DA:80,28
DA:81,28
DA:82,28
DA:83,28
DA:84,28
DA:85,28
DA:86,28
DA:87,28
DA:88,28
DA:89,28
DA:90,28
DA:91,28
DA:92,28
DA:93,28
DA:94,28
DA:95,28
DA:96,28
DA:97,84
DA:98,84
DA:99,28
DA:100,28
DA:101,28
DA:102,28
DA:103,28
DA:104,28
DA:105,28
DA:106,28
DA:107,28
DA:108,28
DA:109,28
DA:110,28
DA:111,28
DA:112,28
DA:113,28
DA:114,28
DA:115,28
DA:116,28
DA:117,28
DA:118,28
DA:119,28
DA:120,28
DA:121,28
DA:122,28
DA:123,28
DA:124,28
DA:125,28
DA:126,28
DA:127,28
DA:128,28
DA:129,28
DA:130,28
DA:131,28
DA:132,28
DA:133,28
LF:133
LH:128
BRF:0
BRH:0
end_of_record
TN:
SF:/Users/etienne.chabert/cost-goblin/packages/ui/src/views/cost-overview.tsx
FN:33,costRowsToSlices
FN:43,dailyCostsToBarDays
FN:52,getProductDimensionId
FN:57,getOwnerDimensionId
FN:62,OverviewInner
FN:80,priority
FN:101,getDimLabel
FN:110,handleFilterChange
FN:114,handleGetFilterValues
FN:191,handlePieSliceClick
FN:209,handleHover
FN:213,handleExpandToggle
FN:217,getPie3Title
FN:224,getPie3Subtitle
FN:261,onChange
FN:301,onExpandToggle
FN:319,onSliceClick
FN:320,onSliceHover
FN:323,onExpandToggle
FN:326,onDimensionChange
FN:370,CostOverview
FNF:21
FNH:10
FNDA:84,costRowsToSlices
FNDA:28,dailyCostsToBarDays
FNDA:28,getProductDimensionId
FNDA:28,getOwnerDimensionId
FNDA:28,OverviewInner
FNDA:672,priority
FNDA:84,getDimLabel
FNDA:0,handleFilterChange
FNDA:0,handleGetFilterValues
FNDA:0,handlePieSliceClick
FNDA:0,handleHover
FNDA:0,handleExpandToggle
FNDA:28,getPie3Title
FNDA:28,getPie3Subtitle
FNDA:0,onChange
FNDA:0,onExpandToggle
FNDA:0,onSliceClick
FNDA:0,onSliceHover
FNDA:0,onExpandToggle
FNDA:0,onDimensionChange
FNDA:4,CostOverview
DA:1,1
DA:2,1
DA:3,1
DA:4,1
DA:5,1
DA:6,1
DA:7,1
DA:8,1
DA:9,1
DA:10,1
DA:11,1
DA:12,1
DA:13,1
DA:14,1
DA:15,1
DA:16,1
DA:17,1
DA:18,1
DA:19,1
DA:20,1
DA:21,1
DA:22,1
DA:23,1
DA:24,1
DA:25,1
DA:26,1
DA:27,1
DA:28,1
DA:29,1
DA:30,1
DA:31,1
DA:32,1
DA:33,84
DA:34,84
DA:35,84
DA:36,84
DA:37,0
DA:38,0
DA:39,0
DA:40,84
DA:41,84
DA:42,1
DA:43,28
DA:44,28
DA:45,28
DA:46,0
DA:47,0
DA:48,0
DA:49,28
DA:50,28
DA:51,1
DA:52,28
DA:53,28
DA:54,28
DA:55,28
DA:56,1
DA:57,28
DA:58,28
DA:59,28
DA:60,28
DA:61,1
DA:62,28
DA:63,28
DA:64,28
DA:65,28
DA:66,28
DA:67,28
DA:68,28
DA:69,28
DA:70,28
DA:71,28
DA:72,28
DA:73,28
DA:74,28
DA:75,28
DA:76,28
DA:77,28
DA:78,28
DA:79,28
DA:80,336
DA:81,672
DA:82,672
DA:83,672
DA:84,672
DA:85,63
DA:86,672
DA:87,336
DA:88,28
DA:89,28
DA:90,28
DA:91,28
DA:92,28
DA:93,28
DA:94,28
DA:95,28
DA:96,28
DA:97,28
DA:98,28
DA:99,28
DA:100,28
DA:101,28
DA:102,84
DA:103,84
DA:104,84
DA:105,28
DA:106,28
DA:107,28
DA:108,28
DA:109,28
DA:110,28
DA:111,0
DA:112,0
DA:113,28
DA:114,28
DA:115,0
DA:116,0
DA:117,0
DA:118,0
DA:119,0
DA:120,0
DA:121,28
DA:122,28
DA:123,28
DA:124,28
DA:125,28
DA:126,28
DA:127,28
DA:128,28
DA:129,28
DA:130,28
DA:131,28
DA:132,28
DA:133,28
DA:134,28
DA:135,28
DA:136,28
DA:137,28
DA:138,28
DA:139,28
DA:140,28
DA:141,28
DA:142,28
DA:143,28
DA:144,28
DA:145,28
DA:146,28
DA:147,28
DA:148,28
DA:149,28
DA:150,28
DA:151,28
DA:152,28
DA:153,28
DA:154,28
DA:155,28
DA:156,28
DA:157,28
DA:158,28
DA:159,28
DA:160,28
DA:161,28
DA:162,28
DA:163,28
DA:164,28
DA:165,28
DA:166,28
DA:167,28
DA:168,28
DA:169,28
DA:170,28
DA:171,28
DA:172,28
DA:173,28
DA:174,28
DA:175,28
DA:176,28
DA:177,28
DA:178,28
DA:179,28
DA:180,28
DA:181,28
DA:182,28
DA:183,28
DA:184,28
DA:185,28
DA:186,28
DA:187,28
DA:188,28
DA:189,28
DA:190,28
DA:191,28
DA:192,0
DA:193,0
DA:194,0
DA:195,0
DA:196,0
DA:197,0
DA:198,0
DA:199,0
DA:200,0
DA:201,0
DA:202,0
DA:203,0
DA:204,0
DA:205,0
DA:206,0
DA:207,0
DA:208,28
DA:209,28
DA:210,0
DA:211,0
DA:212,28
DA:213,28
DA:214,0
DA:215,0
DA:216,28
DA:217,28
DA:218,28
DA:219,28
DA:220,28
DA:221,28
DA:222,28
DA:223,28
DA:224,28
DA:225,28
DA:226,28
DA:227,28
DA:228,28
DA:229,28
DA:230,28
DA:231,28
DA:232,28
DA:233,28
DA:234,28
DA:235,28
DA:236,28
DA:237,28
DA:238,28
DA:239,0
DA:240,0
DA:241,0
DA:242,0
DA:243,0
DA:244,0
DA:245,28
DA:246,28
DA:247,28
DA:248,28
DA:249,28
DA:250,28
DA:251,28
DA:252,28
DA:253,28
DA:254,28
DA:255,28
DA:256,28
DA:257,28
DA:258,28
DA:259,28
DA:260,28
DA:261,28
DA:262,28
DA:263,28
DA:264,28
DA:265,28
DA:266,28
DA:267,28
DA:268,28
DA:269,28
DA:270,28
DA:271,28
DA:272,28
DA:273,28
DA:274,28
DA:275,28
DA:276,28
DA:277,28
DA:278,28
DA:279,28
DA:280,28
DA:281,28
DA:282,28
DA:283,28
DA:284,28
DA:285,28
DA:286,28
DA:287,28
DA:288,28
DA:289,28
DA:290,28
DA:291,28
DA:292,28
DA:293,28
DA:294,28
DA:295,28
DA:296,28
DA:297,28
DA:298,28
DA:299,28
DA:300,28
DA:301,28
DA:302,28
DA:303,28
DA:304,28
DA:305,28
DA:306,28
DA:307,28
DA:308,28
DA:309,28
DA:310,28
DA:311,28
DA:312,28
DA:313,28
DA:314,84
DA:315,84
DA:316,84
DA:317,84
DA:318,84
DA:319,84
DA:320,84
DA:321,84
DA:322,84
DA:323,84
DA:324,84
DA:325,84
DA:326,84
DA:327,84
DA:328,84
DA:329,28
DA:330,28
DA:331,28
DA:332,28
DA:333,28
DA:334,28
DA:335,28
DA:336,28
DA:337,28
DA:338,28
DA:339,28
DA:340,28
DA:341,28
DA:342,28
DA:343,28
DA:344,28
DA:345,28
DA:346,28
DA:347,28
DA:348,28
DA:349,28
DA:350,0
DA:351,0
DA:352,0
DA:353,0
DA:354,0
DA:355,0
DA:356,0
DA:357,0
DA:358,0
DA:359,0
DA:360,28
DA:361,28
DA:362,28
DA:363,28
DA:364,28
DA:365,28
DA:366,28
DA:367,28
DA:368,28
DA:369,1
DA:370,1
DA:371,4
DA:372,4
DA:373,4
DA:374,4
DA:375,4
DA:376,4
DA:377,4
DA:378,4
DA:379,4
DA:380,4
LF:380
LH:330
BRDA:76,0,0,4
BRDA:79,1,0,336
BRDA:80,2,0,672
BRDA:81,3,0,63
BRDA:81,4,0,609
BRDA:82,5,0,126
BRDA:82,6,0,483
BRDA:83,7,0,84
BRDA:83,8,0,399
BRDA:84,9,0,336
BRDA:84,10,0,63
BRDA:102,11,0,210
BRDA:124,12,0,4
BRDA:131,13,0,8
BRDA:145,14,0,4
BRDA:162,15,0,4
BRDA:184,16,0,4
BRF:17
BRH:17
end_of_record
TN:
SF:/Users/etienne.chabert/cost-goblin/packages/ui/src/views/cost-trends.tsx
FN:18,getDateRange$1
FN:68,CostTrends
FN:116,handleEntityClick
FN:136,onSelect
FN:144,onClick
FN:163,onChange
FN:172,onChange
FNF:7
FNH:2
FNDA:3,getDateRange$1
FNDA:15,CostTrends
FNDA:0,handleEntityClick
FNDA:0,onSelect
FNDA:0,onClick
FNDA:0,onChange
FNDA:0,onChange
DA:1,1
DA:2,1
DA:3,1
DA:4,1
DA:5,1
DA:6,1
DA:7,1
DA:8,1
DA:9,1
DA:10,1
DA:11,1
DA:12,1
DA:13,1
DA:14,1
DA:15,1
DA:16,1
DA:17,1
DA:18,3
DA:19,3
DA:20,3
DA:21,3
DA:22,3
DA:23,3
DA:24,3
DA:25,1
DA:26,1
DA:27,1
DA:28,1
DA:29,1
DA:30,1
DA:31,1
DA:32,1
DA:33,1
DA:34,1
DA:35,1
DA:36,1
DA:37,1
DA:38,1
DA:39,1
DA:40,1
DA:41,1
DA:42,1
DA:43,1
DA:44,1
DA:45,1
DA:46,1
DA:47,1
DA:48,1
DA:49,1
DA:50,1
DA:51,1
DA:52,1
DA:53,1
DA:54,1
DA:55,1
DA:56,1
DA:57,1
DA:58,1
DA:59,1
DA:60,1
DA:61,1
DA:62,1
DA:63,1
DA:64,1
DA:65,1
DA:66,1
DA:67,1
DA:68,1
DA:69,15
DA:70,15
DA:71,15
DA:72,15
DA:73,15
DA:74,15
DA:75,15
DA:76,15
DA:77,15
DA:78,15
DA:79,15
DA:80,15
DA:81,15
DA:82,15
DA:83,9
DA:84,6
DA:85,15
DA:86,15
DA:87,15
DA:88,15
DA:89,6
DA:90,3
DA:91,3
DA:92,3
DA:93,3
DA:94,3
DA:95,3
DA:96,3
DA:97,6
DA:98,15
DA:99,15
DA:100,15
DA:101,15
DA:102,15
DA:103,15
DA:104,15
DA:105,15
DA:106,0
DA:107,0
DA:108,15
DA:109,15
DA:110,15
DA:111,0
DA:112,0
DA:113,0
DA:114,0
DA:115,15
DA:116,15
DA:117,0
DA:118,0
DA:119,0
DA:120,0
DA:121,15
DA:122,15
DA:123,15
DA:124,15
DA:125,15
DA:126,15
DA:127,15
DA:128,15
DA:129,15
DA:130,15
DA:131,15
DA:132,9
DA:133,9
DA:134,9
DA:135,9
DA:136,9
DA:137,9
DA:138,9
DA:139,9
DA:140,9
DA:141,18
DA:142,18
DA:143,9
DA:144,9
DA:145,9
DA:146,9
DA:147,9
DA:148,9
DA:149,9
DA:150,9
DA:151,9
DA:152,9
DA:153,9
DA:154,9
DA:155,9
DA:156,9
DA:157,9
DA:158,9
DA:159,9
DA:160,9
DA:161,9
DA:162,9
DA:163,9
DA:164,9
DA:165,9
DA:166,9
DA:167,9
DA:168,9
DA:169,9
DA:170,9
DA:171,9
DA:172,9
DA:173,9
DA:174,9
DA:175,9
DA:176,9
DA:177,9
DA:178,15
DA:179,15
DA:180,15
DA:181,0
DA:182,0
DA:183,0
DA:184,15
DA:185,15
DA:186,15
DA:187,3
DA:188,15
DA:189,15
DA:190,3
DA:191,3
DA:192,3
DA:193,15
DA:194,15
DA:195,15
DA:196,0
DA:197,15
DA:198,15
DA:199,15
DA:200,0
DA:201,0
DA:202,0
DA:203,0
DA:204,0
DA:205,0
DA:206,0
DA:207,0
DA:208,0
DA:209,0
DA:210,0
DA:211,0
DA:212,0
DA:213,0
DA:214,0
DA:215,0
DA:216,0
DA:217,0
DA:218,15
DA:219,15
DA:220,15
DA:221,0
DA:222,0
DA:223,0
DA:224,15
DA:225,15
DA:226,15
DA:227,15
LF:227
LH:192
BRDA:18,0,0,3
BRDA:68,1,0,15
BRDA:80,2,0,9
BRDA:80,3,0,6
BRDA:82,4,0,9
BRDA:82,5,0,9
BRDA:83,6,0,6
BRDA:102,7,0,6
BRDA:102,8,0,9
BRDA:105,9,0,-
BRDA:110,10,0,-
BRDA:131,11,0,9
BRDA:135,12,0,-
BRDA:180,13,0,-
BRDA:186,14,0,3
BRDA:189,15,0,3
BRDA:195,16,0,-
BRDA:199,17,0,-
BRDA:220,18,0,-
BRDA:220,19,0,-
BRDA:70,20,0,3
BRDA:88,21,0,6
BRDA:89,22,0,3
BRDA:140,23,0,18
BRDA:147,24,0,9
BRDA:148,25,0,9
BRF:26
BRH:18
end_of_record
TN:
SF:/Users/etienne.chabert/cost-goblin/packages/ui/src/views/missing-tags.tsx
FN:14,getDateRange
FN:22,MissingTags
FN:71,onClick
FN:91,onChange
FNF:4
FNH:2
FNDA:3,getDateRange
FNDA:15,MissingTags
FNDA:0,onClick
FNDA:0,onChange
DA:1,1
DA:2,1
DA:3,1
DA:4,1
DA:5,1
DA:6,1
DA:7,1
DA:8,1
DA:9,1
DA:10,1
DA:11,1
DA:12,1
DA:13,1
DA:14,3
DA:15,3
DA:16,3
DA:17,3
DA:18,3
DA:19,3
DA:20,3
DA:21,1
DA:22,1
DA:23,15
DA:24,15
DA:25,15
DA:26,15
DA:27,15
DA:28,15
DA:29,15
DA:30,15
DA:31,15
DA:32,15
DA:33,15
DA:34,9
DA:35,6
DA:36,15
DA:37,15
DA:38,15
DA:39,15
DA:40,6
DA:41,3
DA:42,3
DA:43,3
DA:44,3
DA:45,3
DA:46,3
DA:47,6
DA:48,15
DA:49,15
DA:50,15
DA:51,15
DA:52,15
DA:53,15
DA:54,15
DA:55,15
DA:56,15
DA:57,15
DA:58,15
DA:59,15
DA:60,15
DA:61,15
DA:62,15
DA:63,9
DA:64,9
DA:65,36
DA:66,36
DA:67,36
DA:68,36
DA:69,36
DA:70,36
DA:71,36
DA:72,36
DA:73,36
DA:74,36
DA:75,9
DA:76,27
DA:77,36
DA:78,36
DA:79,36
DA:80,36
DA:81,36
DA:82,9
DA:83,9
DA:84,15
DA:85,15
DA:86,15
DA:87,15
DA:88,15
DA:89,15
DA:90,15
DA:91,15
DA:92,15
DA:93,15
DA:94,15
DA:95,15
DA:96,15
DA:97,15
DA:98,0
DA:99,0
DA:100,0
DA:101,0
DA:102,0
DA:103,0
DA:104,0
DA:105,0
DA:106,15
DA:107,15
DA:108,15
DA:109,3
DA:110,15
DA:111,15
DA:112,3
DA:113,3
DA:114,3
DA:115,15
DA:116,15
DA:117,15
DA:118,0
DA:119,0
DA:120,0
DA:121,0
DA:122,0
DA:123,0
DA:124,0
DA:125,0
DA:126,0
DA:127,0
DA:128,0
DA:129,0
DA:130,0
DA:131,0
DA:132,0
DA:133,0
DA:134,0
DA:135,0
DA:136,0
DA:137,0
DA:138,0
DA:139,0
DA:140,0
DA:141,0
DA:142,0
DA:143,0
DA:144,0
DA:145,0
DA:146,0
DA:147,0
DA:148,0
DA:149,0
DA:150,15
DA:151,15
DA:152,15
DA:153,0
DA:154,0
DA:155,0
DA:156,15
DA:157,15
DA:158,15
DA:159,15
LF:159
LH:116
BRDA:14,0,0,3
BRDA:22,1,0,15
BRDA:30,2,0,9
BRDA:30,3,0,6
BRDA:33,4,0,9
BRDA:33,5,0,9
BRDA:34,6,0,6
BRDA:52,7,0,6
BRDA:52,8,0,9
BRDA:62,9,0,9
BRDA:97,10,0,-
BRDA:108,11,0,3
BRDA:111,12,0,3
BRDA:117,13,0,-
BRDA:117,14,0,-
BRDA:152,15,0,-
BRDA:152,16,0,-
BRDA:24,17,0,3
BRDA:39,18,0,6
BRDA:40,19,0,3
BRDA:64,20,0,36
BRDA:74,21,0,9
BRDA:75,22,0,27
BRF:23
BRH:18
end_of_record
TN:
SF:/Users/etienne.chabert/cost-goblin/packages/ui/src/views/savings.tsx
FN:100,Savings
FN:149,handleSort
FN:158,sortIndicator
FN:187,onClick
FN:230,onClick
FN:234,onClick
FN:237,onClick
FN:240,onClick
FN:243,onClick
FNF:9
FNH:1
FNDA:6,Savings
FNDA:0,handleSort
FNDA:0,sortIndicator
FNDA:0,onClick
FNDA:0,onClick
FNDA:0,onClick
FNDA:0,onClick
FNDA:0,onClick
FNDA:0,onClick
DA:1,1
DA:2,1
DA:3,1
DA:4,1
DA:5,1
DA:6,1
DA:7,1
DA:8,1
DA:9,1
DA:10,1
DA:11,1
DA:12,1
DA:13,1
DA:14,1
DA:15,1
DA:16,1
DA:17,1
DA:18,1
DA:19,1
DA:20,1
DA:21,1
DA:22,1
DA:23,1
DA:24,1
DA:25,1
DA:26,1
DA:27,1
DA:28,1
DA:29,1
DA:30,1
DA:31,1
DA:32,1
DA:33,1
DA:34,1
DA:35,1
DA:36,1
DA:37,1
DA:38,1
DA:39,1
DA:40,1
DA:41,1
DA:42,1
DA:43,1
DA:44,1
DA:45,1
DA:46,1
DA:47,1
DA:48,1
DA:49,1
DA:50,1
DA:51,1
DA:52,1
DA:53,1
DA:54,1
DA:55,1
DA:56,1
DA:57,1
DA:58,1
DA:59,1
DA:60,1
DA:61,1
DA:62,1
DA:63,1
DA:64,1
DA:65,1
DA:66,1
DA:67,1
DA:68,1
DA:69,1
DA:70,1
DA:71,1
DA:72,1
DA:73,1
DA:74,1
DA:75,1
DA:76,1
DA:77,1
DA:78,1
DA:79,1
DA:80,1
DA:81,1
DA:82,1
DA:83,1
DA:84,1
DA:85,1
DA:86,1
DA:87,1
DA:88,1
DA:89,1
DA:90,1
DA:91,1
DA:92,1
DA:93,1
DA:94,1
DA:95,1
DA:96,1
DA:97,1
DA:98,1
DA:99,1
DA:100,1
DA:101,6
DA:102,6
DA:103,6
DA:104,6
DA:105,6
DA:106,6
DA:107,6
DA:108,6
DA:109,6
DA:110,6
DA:111,6
DA:112,4
DA:113,2
DA:114,4
DA:115,0
DA:116,0
DA:117,0
DA:118,0
DA:119,0
DA:120,0
DA:121,0
DA:122,0
DA:123,2
DA:124,2
DA:125,2
DA:126,6
DA:127,6
DA:128,6
DA:129,4
DA:130,2
DA:131,0
DA:132,2
DA:133,4
DA:134,0
DA:135,0
DA:136,0
DA:137,0
DA:138,0
DA:139,0
DA:140,0
DA:141,0
DA:142,0
DA:143,0
DA:144,4
DA:145,6
DA:146,6
DA:147,6
DA:148,6
DA:149,6
DA:150,0
DA:151,0
DA:152,0
DA:153,0
DA:154,0
DA:155,0
DA:156,0
DA:157,6
DA:158,6
DA:159,0
DA:160,0
DA:161,0
DA:162,6
DA:163,6
DA:164,6
DA:165,6
DA:166,6
DA:167,6
DA:168,6
DA:169,6
DA:170,6
DA:171,2
DA:172,2
DA:173,2
DA:174,2
DA:175,2
DA:176,2
DA:177,2
DA:178,2
DA:179,2
DA:180,2
DA:181,6
DA:182,6
DA:183,6
DA:184,0
DA:185,0
DA:186,0
DA:187,0
DA:188,0
DA:189,0
DA:190,0
DA:191,0
DA:192,0
DA:193,0
DA:194,0
DA:195,0
DA:196,0
DA:197,0
DA:198,0
DA:199,0
DA:200,0
DA:201,0
DA:202,0
DA:203,0
DA:204,0
DA:205,0
DA:206,0
DA:207,0
DA:208,0
DA:209,0
DA:210,0
DA:211,0
DA:212,0
DA:213,6
DA:214,6
DA:215,6
DA:216,2
DA:217,6
DA:218,6
DA:219,0
DA:220,0
DA:221,0
DA:222,6
DA:223,6
DA:224,6
DA:225,0
DA:226,0
DA:227,0
DA:228,0
DA:229,0
DA:230,0
DA:231,0
DA:232,0
DA:233,0
DA:234,0
DA:235,0
DA:236,0
DA:237,0
DA:238,0
DA:239,0
DA:240,0
DA:241,0
DA:242,0
DA:243,0
DA:244,0
DA:245,0
DA:246,0
DA:247,0
DA:248,0
DA:249,0
DA:250,0
DA:251,0
DA:252,0
DA:253,0
DA:254,0
DA:255,0
DA:256,0
DA:257,0
DA:258,0
DA:259,0
DA:260,0
DA:261,0
DA:262,0
DA:263,0
DA:264,0
DA:265,0
DA:266,0
DA:267,0
DA:268,0
DA:269,0
DA:270,0
DA:271,0
DA:272,0
DA:273,0
DA:274,0
DA:275,0
DA:276,0
DA:277,0
DA:278,0
DA:279,0
DA:280,0
DA:281,0
DA:282,0
DA:283,0
DA:284,0
DA:285,0
DA:286,0
DA:287,0
DA:288,0
DA:289,0
DA:290,0
DA:291,0
DA:292,0
DA:293,0
DA:294,0
DA:295,0
DA:296,0
DA:297,0
DA:298,0
DA:299,0
DA:300,0
DA:301,0
DA:302,0
DA:303,0
DA:304,0
DA:305,0
DA:306,0
DA:307,0
DA:308,0
DA:309,0
DA:310,0
DA:311,0
DA:312,0
DA:313,0
DA:314,0
DA:315,0
DA:316,0
DA:317,0
DA:318,0
DA:319,0
DA:320,0
DA:321,0
DA:322,0
DA:323,0
DA:324,0
DA:325,0
DA:326,0
DA:327,0
DA:328,0
DA:329,0
DA:330,6
DA:331,6
DA:332,6
DA:333,2
DA:334,2
DA:335,2
DA:336,6
DA:337,6
DA:338,6
DA:339,6
LF:339
LH:173
BRDA:100,0,0,6
BRDA:109,1,0,2
BRDA:109,2,0,4
BRDA:170,3,0,2
BRDA:183,4,0,-
BRDA:215,5,0,2
BRDA:218,6,0,-
BRDA:224,7,0,-
BRDA:332,8,0,2
BRDA:332,9,0,2
BRDA:102,10,0,2
BRDA:111,11,0,4
BRDA:112,12,0,2
BRDA:114,13,0,-
BRDA:122,14,0,2
BRDA:128,15,0,4
BRDA:129,16,0,2
BRDA:130,17,0,-
BRDA:131,18,0,2
BRF:19
BRH:14
end_of_record
TN:
SF:/Users/etienne.chabert/cost-goblin/packages/ui/src/views/entity-detail.tsx
FNF:0
FNH:0
DA:1,1
DA:2,1
DA:3,1
DA:4,1
DA:5,1
DA:6,1
DA:7,1
DA:8,1
DA:9,1
DA:10,1
DA:11,1
DA:12,1
DA:13,1
DA:14,1
DA:15,1
DA:16,1
DA:17,1
DA:18,1
DA:19,1
DA:20,1
DA:21,1
DA:22,1
DA:23,1
DA:24,1
DA:25,1
DA:26,1
DA:27,1
DA:28,1
DA:29,1
DA:30,1
DA:31,1
DA:32,1
DA:33,1
DA:34,1
DA:35,1
DA:36,1
DA:37,1
DA:38,1
DA:39,1
DA:40,1
DA:41,1
DA:42,1
DA:43,1
DA:44,1
DA:45,1
DA:46,1
DA:47,1
DA:48,1
DA:49,1
DA:50,1
DA:51,1
DA:52,1
DA:53,1
DA:54,1
DA:55,1
DA:56,1
DA:57,1
DA:58,1
DA:59,1
DA:60,1
DA:61,1
DA:62,1
DA:63,1
DA:64,1
DA:65,1
DA:66,1
DA:67,1
DA:68,1
DA:69,1
DA:70,1
DA:71,1
DA:72,1
DA:73,1
DA:74,1
DA:75,1
DA:76,1
DA:77,1
DA:78,1
DA:79,1
DA:80,1
DA:81,1
DA:82,1
DA:83,1
DA:84,1
DA:85,1
DA:86,1
DA:87,1
DA:88,1
DA:89,1
DA:90,1
DA:91,1
DA:92,1
DA:93,1
DA:94,1
DA:95,1
DA:96,1
DA:97,1
DA:98,1
DA:99,1
DA:100,1
DA:101,1
DA:102,1
DA:103,1
DA:104,1
DA:105,1
DA:106,1
DA:107,1
DA:108,1
DA:109,1
DA:110,1
DA:111,1
DA:112,1
DA:113,1
DA:114,1
DA:115,1
DA:116,1
DA:117,1
DA:118,1
DA:119,1
DA:120,1
DA:121,1
DA:122,1
DA:123,1
DA:124,1
DA:125,1
DA:126,1
DA:127,1
DA:128,1
DA:129,1
DA:130,1
DA:131,1
DA:132,1
DA:133,1
DA:134,1
DA:135,1
DA:136,1
DA:137,1
DA:138,1
DA:139,1
DA:140,1
DA:141,1
DA:142,1
DA:143,1
DA:144,1
DA:145,1
DA:146,1
DA:147,1
DA:148,1
DA:149,1
DA:150,1
DA:151,1
DA:152,1
DA:153,1
DA:154,1
DA:155,1
DA:156,1
DA:157,1
DA:158,1
DA:159,1
DA:160,1
DA:161,1
DA:162,1
DA:163,1
DA:164,1
DA:165,1
DA:166,1
DA:167,1
DA:168,1
DA:169,1
DA:170,1
DA:171,1
DA:172,1
DA:173,1
DA:174,1
DA:175,1
DA:176,1
DA:177,1
DA:178,1
DA:179,1
DA:180,1
DA:181,1
DA:182,1
DA:183,1
DA:184,1
DA:185,1
DA:186,1
DA:187,1
DA:188,1
DA:189,1
DA:190,1
DA:191,1
DA:192,1
DA:193,1
DA:194,1
DA:195,1
DA:196,1
DA:197,1
DA:198,1
DA:199,1
DA:200,1
DA:201,1
DA:202,1
DA:203,1
DA:204,1
DA:205,1
DA:206,1
DA:207,1
DA:208,1
DA:209,1
DA:210,1
DA:211,1
DA:212,1
DA:213,1
DA:214,1
DA:215,1
DA:216,1
DA:217,1
DA:218,1
DA:219,1
DA:220,1
DA:221,1
DA:222,1
DA:223,1
DA:224,1
DA:225,1
DA:226,1
DA:227,1
DA:228,1
DA:229,1
DA:230,1
DA:231,1
DA:232,1
DA:233,1
DA:234,1
DA:235,1
DA:236,1
DA:237,1
DA:238,1
DA:239,1
DA:240,1
DA:241,1
DA:242,1
DA:243,1
DA:244,1
DA:245,1
DA:246,1
DA:247,1
DA:248,1
DA:249,1
DA:250,1
DA:251,1
DA:252,1
DA:253,1
DA:254,1
DA:255,1
DA:256,1
DA:257,1
DA:258,1
DA:259,1
DA:260,1
DA:261,1
DA:262,1
DA:263,1
DA:264,1
DA:265,1
DA:266,1
DA:267,1
DA:268,1
DA:269,1
DA:270,1
DA:271,1
DA:272,1
DA:273,1
DA:274,1
DA:275,1
DA:276,1
DA:277,1
DA:278,1
DA:279,1
DA:280,1
DA:281,1
DA:282,1
DA:283,1
DA:284,1
DA:285,1
DA:286,1
DA:287,1
DA:288,1
DA:289,1
DA:290,1
DA:291,1
DA:292,1
DA:293,1
DA:294,1
DA:295,1
DA:296,1
DA:297,1
DA:298,1
DA:299,1
DA:300,1
DA:301,1
DA:302,1
DA:303,1
DA:304,1
DA:305,1
DA:306,1
DA:307,1
DA:308,1
DA:309,1
DA:310,1
DA:311,1
DA:312,1
DA:313,1
DA:314,1
DA:315,1
DA:316,1
DA:317,1
DA:318,1
DA:319,1
DA:320,1
DA:321,1
DA:322,1
DA:323,1
DA:324,1
DA:325,1
DA:326,1
DA:327,1
DA:328,1
DA:329,1
DA:330,1
DA:331,1
DA:332,1
DA:333,1
DA:334,1
DA:335,1
DA:336,1
DA:337,1
DA:338,1
DA:339,1
DA:340,1
DA:341,1
DA:342,1
DA:343,1
DA:344,1
DA:345,1
DA:346,1
DA:347,1
LF:347
LH:347
BRF:0
BRH:0
end_of_record
TN:
SF:/Users/etienne.chabert/cost-goblin/packages/ui/src/views/setup-wizard.tsx
FNF:0
FNH:0
DA:1,1
DA:2,1
DA:3,1
DA:4,1
DA:5,1
DA:6,1
DA:7,1
DA:8,1
DA:9,1
DA:10,1
DA:11,1
DA:12,1
DA:13,1
DA:14,1
DA:15,1
DA:16,1
DA:17,1
DA:18,1
DA:19,1
DA:20,1
DA:21,1
DA:22,1
DA:23,1
DA:24,1
DA:25,1
DA:26,1
DA:27,1
DA:28,1
DA:29,1
DA:30,1
DA:31,1
DA:32,1
DA:33,1
DA:34,1
DA:35,1
DA:36,1
DA:37,1
DA:38,1
DA:39,1
DA:40,1
DA:41,1
DA:42,1
DA:43,1
DA:44,1
DA:45,1
DA:46,1
DA:47,1
DA:48,1
DA:49,1
DA:50,1
DA:51,1
DA:52,1
DA:53,1
DA:54,1
DA:55,1
DA:56,1
DA:57,1
DA:58,1
DA:59,1
DA:60,1
DA:61,1
DA:62,1
DA:63,1
DA:64,1
DA:65,1
DA:66,1
DA:67,1
DA:68,1
DA:69,1
DA:70,1
DA:71,1
DA:72,1
DA:73,1
DA:74,1
DA:75,1
DA:76,1
DA:77,1
DA:78,1
DA:79,1
DA:80,1
DA:81,1
DA:82,1
DA:83,1
DA:84,1
DA:85,1
DA:86,1
DA:87,1
DA:88,1
DA:89,1
DA:90,1
DA:91,1
DA:92,1
DA:93,1
DA:94,1
DA:95,1
DA:96,1
DA:97,1
DA:98,1
DA:99,1
DA:100,1
DA:101,1
DA:102,1
DA:103,1
DA:104,1
DA:105,1
DA:106,1
DA:107,1
DA:108,1
DA:109,1
DA:110,1
DA:111,1
DA:112,1
DA:113,1
DA:114,1
DA:115,1
DA:116,1
DA:117,1
DA:118,1
DA:119,1
DA:120,1
DA:121,1
DA:122,1
DA:123,1
DA:124,1
DA:125,1
DA:126,1
DA:127,1
DA:128,1
DA:129,1
DA:130,1
DA:131,1
DA:132,1
DA:133,1
DA:134,1
DA:135,1
DA:136,1
DA:137,1
DA:138,1
DA:139,1
DA:140,1
DA:141,1
DA:142,1
DA:143,1
DA:144,1
DA:145,1
DA:146,1
DA:147,1
DA:148,1
DA:149,1
DA:150,1
DA:151,1
DA:152,1
DA:153,1
DA:154,1
DA:155,1
DA:156,1
DA:157,1
DA:158,1
DA:159,1
DA:160,1
DA:161,1
DA:162,1
DA:163,1
DA:164,1
DA:165,1
DA:166,1
DA:167,1
DA:168,1
DA:169,1
DA:170,1
DA:171,1
DA:172,1
DA:173,1
DA:174,1
DA:175,1
DA:176,1
DA:177,1
DA:178,1
DA:179,1
DA:180,1
DA:181,1
DA:182,1
DA:183,1
DA:184,1
DA:185,1
DA:186,1
DA:187,1
DA:188,1
DA:189,1
DA:190,1
DA:191,1
DA:192,1
DA:193,1
DA:194,1
DA:195,1
DA:196,1
DA:197,1
DA:198,1
DA:199,1
DA:200,1
DA:201,1
DA:202,1
DA:203,1
DA:204,1
DA:205,1
DA:206,1
DA:207,1
DA:208,1
DA:209,1
DA:210,1
DA:211,1
DA:212,1
DA:213,1
DA:214,1
DA:215,1
DA:216,1
DA:217,1
DA:218,1
DA:219,1
DA:220,1
DA:221,1
DA:222,1
DA:223,1
DA:224,1
DA:225,1
DA:226,1
DA:227,1
DA:228,1
DA:229,1
DA:230,1
DA:231,1
DA:232,1
DA:233,1
DA:234,1
DA:235,1
DA:236,1
DA:237,1
DA:238,1
DA:239,1
DA:240,1
DA:241,1
DA:242,1
DA:243,1
DA:244,1
DA:245,1
DA:246,1
DA:247,1
DA:248,1
DA:249,1
DA:250,1
DA:251,1
DA:252,1
DA:253,1
DA:254,1
DA:255,1
DA:256,1
DA:257,1
DA:258,1
DA:259,1
DA:260,1
DA:261,1
DA:262,1
DA:263,1
DA:264,1
DA:265,1
DA:266,1
DA:267,1
DA:268,1
DA:269,1
DA:270,1
DA:271,1
DA:272,1
DA:273,1
DA:274,1
DA:275,1
DA:276,1
DA:277,1
DA:278,1
DA:279,1
DA:280,1
DA:281,1
DA:282,1
DA:283,1
DA:284,1
DA:285,1
DA:286,1
DA:287,1
DA:288,1
DA:289,1
DA:290,1
DA:291,1
DA:292,1
DA:293,1
DA:294,1
DA:295,1
DA:296,1
DA:297,1
DA:298,1
DA:299,1
DA:300,1
DA:301,1
DA:302,1
DA:303,1
DA:304,1
DA:305,1
DA:306,1
DA:307,1
DA:308,1
DA:309,1
DA:310,1
DA:311,1
DA:312,1
DA:313,1
DA:314,1
DA:315,1
DA:316,1
DA:317,1
DA:318,1
DA:319,1
DA:320,1
DA:321,1
DA:322,1
DA:323,1
DA:324,1
DA:325,1
DA:326,1
DA:327,1
DA:328,1
DA:329,1
DA:330,1
DA:331,1
DA:332,1
DA:333,1
DA:334,1
DA:335,1
DA:336,1
DA:337,1
DA:338,1
DA:339,1
DA:340,1
DA:341,1
DA:342,1
DA:343,1
DA:344,1
DA:345,1
DA:346,1
DA:347,1
DA:348,1
DA:349,1
DA:350,1
DA:351,1
DA:352,1
DA:353,1
DA:354,1
DA:355,1
DA:356,1
DA:357,1
DA:358,1
DA:359,1
DA:360,1
DA:361,1
DA:362,1
DA:363,1
DA:364,1
DA:365,1
DA:366,1
DA:367,1
DA:368,1
DA:369,1
DA:370,1
DA:371,1
DA:372,1
DA:373,1
DA:374,1
DA:375,1
DA:376,1
DA:377,1
DA:378,1
DA:379,1
DA:380,1
DA:381,1
DA:382,1
DA:383,1
DA:384,1
DA:385,1
DA:386,1
DA:387,1
DA:388,1
DA:389,1
DA:390,1
DA:391,1
DA:392,1
DA:393,1
DA:394,1
DA:395,1
DA:396,1
DA:397,1
DA:398,1
DA:399,1
DA:400,1
DA:401,1
DA:402,1
DA:403,1
DA:404,1
DA:405,1
DA:406,1
DA:407,1
DA:408,1
DA:409,1
DA:410,1
DA:411,1
DA:412,1
DA:413,1
DA:414,1
DA:415,1
DA:416,1
DA:417,1
DA:418,1
DA:419,1
DA:420,1
DA:421,1
DA:422,1
DA:423,1
DA:424,1
DA:425,1
DA:426,1
DA:427,1
DA:428,1
DA:429,1
DA:430,1
DA:431,1
DA:432,1
DA:433,1
DA:434,1
DA:435,1
DA:436,1
DA:437,1
DA:438,1
DA:439,1
DA:440,1
DA:441,1
DA:442,1
DA:443,1
DA:444,1
DA:445,1
DA:446,1
DA:447,1
DA:448,1
DA:449,1
DA:450,1
DA:451,1
DA:452,1
DA:453,1
DA:454,1
DA:455,1
DA:456,1
DA:457,1
DA:458,1
DA:459,1
DA:460,1
DA:461,1
DA:462,1
DA:463,1
DA:464,1
DA:465,1
DA:466,1
DA:467,1
DA:468,1
DA:469,1
DA:470,1
DA:471,1
DA:472,1
DA:473,1
DA:474,1
DA:475,1
DA:476,1
DA:477,1
DA:478,1
DA:479,1
DA:480,1
DA:481,1
DA:482,1
DA:483,1
DA:484,1
DA:485,1
DA:486,1
DA:487,1
DA:488,1
DA:489,1
DA:490,1
DA:491,1
DA:492,1
DA:493,1
DA:494,1
DA:495,1
DA:496,1
DA:497,1
DA:498,1
DA:499,1
DA:500,1
DA:501,1
DA:502,1
DA:503,1
DA:504,1
DA:505,1
DA:506,1
DA:507,1
DA:508,1
DA:509,1
DA:510,1
DA:511,1
DA:512,1
DA:513,1
DA:514,1
DA:515,1
DA:516,1
DA:517,1
DA:518,1
DA:519,1
DA:520,1
DA:521,1
DA:522,1
DA:523,1
DA:524,1
DA:525,1
DA:526,1
DA:527,1
DA:528,1
DA:529,1
DA:530,1
DA:531,1
DA:532,1
DA:533,1
DA:534,1
DA:535,1
DA:536,1
DA:537,1
DA:538,1
DA:539,1
DA:540,1
DA:541,1
DA:542,1
DA:543,1
DA:544,1
DA:545,1
DA:546,1
DA:547,1
DA:548,1
DA:549,1
DA:550,1
DA:551,1
DA:552,1
DA:553,1
DA:554,1
DA:555,1
DA:556,1
DA:557,1
DA:558,1
DA:559,1
DA:560,1
DA:561,1
DA:562,1
DA:563,1
DA:564,1
DA:565,1
DA:566,1
DA:567,1
DA:568,1
DA:569,1
DA:570,1
DA:571,1
DA:572,1
DA:573,1
DA:574,1
DA:575,1
DA:576,1
DA:577,1
DA:578,1
DA:579,1
DA:580,1
DA:581,1
DA:582,1
DA:583,1
DA:584,1
DA:585,1
DA:586,1
DA:587,1
DA:588,1
DA:589,1
DA:590,1
DA:591,1
DA:592,1
DA:593,1
DA:594,1
DA:595,1
DA:596,1
DA:597,1
DA:598,1
DA:599,1
LF:599
LH:599
BRF:0
BRH:0
end_of_record
TN:
SF:/Users/etienne.chabert/cost-goblin/packages/ui/src/views/data-management.tsx
FN:30,AccountMappingSection
FN:63,onClick
FN:323,DataManagement
FN:363,togglePeriod
FN:371,selectAll
FN:375,deselectAll
FN:379,handleSync
FN:412,handleDeleteDaily
FN:416,handleDeleteHourly
FN:420,handleDeleteAll
FN:480,toggleHourlyPeriod
FN:488,selectAllHourly
FN:492,deselectAllHourly
FN:496,handleHourlySync
FN:529,toggleCostOptPeriod
FN:537,selectAllCostOpt
FN:541,deselectAllCostOpt
FN:545,handleDeleteCostOpt
FN:549,handleCostOptSync
FN:607,onClick
FN:633,onClick
FN:639,onClick
FN:642,onClick
FN:645,onClick
FN:686,onDownload
FN:689,onCancelSync
FN:690,onConfigure
FN:706,onDownload
FN:709,onCancelSync
FN:710,onConfigure
FN:726,onDownload
FN:729,onCancelSync
FN:730,onConfigure
FN:742,onCancel
FN:747,onClick
FN:747,onKeyDown
FN:749,onClick
FN:755,onComplete
FNF:38
FNH:2
FNDA:17,AccountMappingSection
FNDA:0,onClick
FNDA:17,DataManagement
FNDA:0,togglePeriod
FNDA:0,selectAll
FNDA:0,deselectAll
FNDA:0,handleSync
FNDA:0,handleDeleteDaily
FNDA:0,handleDeleteHourly
FNDA:0,handleDeleteAll
FNDA:0,toggleHourlyPeriod
FNDA:0,selectAllHourly
FNDA:0,deselectAllHourly
FNDA:0,handleHourlySync
FNDA:0,toggleCostOptPeriod
FNDA:0,selectAllCostOpt
FNDA:0,deselectAllCostOpt
FNDA:0,handleDeleteCostOpt
FNDA:0,handleCostOptSync
FNDA:0,onClick
FNDA:0,onClick
FNDA:0,onClick
FNDA:0,onClick
FNDA:0,onClick
FNDA:0,onDownload
FNDA:0,onCancelSync
FNDA:0,onConfigure
FNDA:0,onDownload
FNDA:0,onCancelSync
FNDA:0,onConfigure
FNDA:0,onDownload
FNDA:0,onCancelSync
FNDA:0,onConfigure
FNDA:0,onCancel
FNDA:0,onClick
FNDA:0,onKeyDown
FNDA:0,onClick
FNDA:0,onComplete
DA:1,1
DA:2,1
DA:3,1
DA:4,1
DA:5,1
DA:6,1
DA:7,1
DA:8,1
DA:9,1
DA:10,1
DA:11,1
DA:12,1
DA:13,1
DA:14,1
DA:15,1
DA:16,1
DA:17,1
DA:18,1
DA:19,1
DA:20,1
DA:21,1
DA:22,1
DA:23,1
DA:24,1
DA:25,1
DA:26,1
DA:27,1
DA:28,1
DA:29,1
DA:30,17
DA:31,17
DA:32,17
DA:33,17
DA:34,17
DA:35,17
DA:36,17
DA:37,17
DA:38,17
DA:39,17
DA:40,17
DA:41,17
DA:42,17
DA:43,17
DA:44,17
DA:45,17
DA:46,17
DA:47,17
DA:48,17
DA:49,17
DA:50,17
DA:51,17
DA:52,17
DA:53,17
DA:54,17
DA:55,17
DA:56,17
DA:57,17
DA:58,17
DA:59,17
DA:60,17
DA:61,17
DA:62,17
DA:63,17
DA:64,17
DA:65,17
DA:66,17
DA:67,17
DA:68,17
DA:69,17
DA:70,17
DA:71,17
DA:72,17
DA:73,17
DA:74,17
DA:75,17
DA:76,17
DA:77,17
DA:78,17
DA:79,17
DA:80,17
DA:81,17
DA:82,17
DA:83,0
DA:84,0
DA:85,0
DA:86,0
DA:87,0
DA:88,17
DA:89,17
DA:90,17
DA:91,17
DA:92,17
DA:93,17
DA:94,17
DA:95,17
DA:96,1
DA:97,1
DA:98,1
DA:99,1
DA:100,1
DA:101,1
DA:102,1
DA:103,1
DA:104,1
DA:105,1
DA:106,1
DA:107,1
DA:108,1
DA:109,1
DA:110,1
DA:111,1
DA:112,1
DA:113,1
DA:114,1
DA:115,1
DA:116,1
DA:117,1
DA:118,1
DA:119,1
DA:120,1
DA:121,1
DA:122,1
DA:123,1
DA:124,1
DA:125,1
DA:126,1
DA:127,1
DA:128,1
DA:129,1
DA:130,1
DA:131,1
DA:132,1
DA:133,1
DA:134,1
DA:135,1
DA:136,1
DA:137,1
DA:138,1
DA:139,1
DA:140,1
DA:141,1
DA:142,1
DA:143,1
DA:144,1
DA:145,1
DA:146,1
DA:147,1
DA:148,1
DA:149,1
DA:150,1
DA:151,1
DA:152,1
DA:153,1
DA:154,1
DA:155,1
DA:156,1
DA:157,1
DA:158,1
DA:159,1
DA:160,1
DA:161,1
DA:162,1
DA:163,1
DA:164,1
DA:165,1
DA:166,1
DA:167,1
DA:168,1
DA:169,1
DA:170,1
DA:171,1
DA:172,1
DA:173,1
DA:174,1
DA:175,1
DA:176,1
DA:177,1
DA:178,1
DA:179,1
DA:180,1
DA:181,1
DA:182,1
DA:183,1
DA:184,1
DA:185,1
DA:186,1
DA:187,1
DA:188,1
DA:189,1
DA:190,1
DA:191,1
DA:192,1
DA:193,1
DA:194,1
DA:195,1
DA:196,1
DA:197,1
DA:198,1
DA:199,1
DA:200,1
DA:201,1
DA:202,1
DA:203,1
DA:204,1
DA:205,1
DA:206,1
DA:207,1
DA:208,1
DA:209,1
DA:210,1
DA:211,1
DA:212,1
DA:213,1
DA:214,1
DA:215,1
DA:216,1
DA:217,1
DA:218,1
DA:219,1
DA:220,1
DA:221,1
DA:222,1
DA:223,1
DA:224,1
DA:225,1
DA:226,1
DA:227,1
DA:228,1
DA:229,1
DA:230,1
DA:231,1
DA:232,1
DA:233,1
DA:234,1
DA:235,1
DA:236,1
DA:237,1
DA:238,1
DA:239,1
DA:240,1
DA:241,1
DA:242,1
DA:243,1
DA:244,1
DA:245,1
DA:246,1
DA:247,1
DA:248,1
DA:249,1
DA:250,1
DA:251,1
DA:252,1
DA:253,1
DA:254,1
DA:255,1
DA:256,1
DA:257,1
DA:258,1
DA:259,1
DA:260,1
DA:261,1
DA:262,1
DA:263,1
DA:264,1
DA:265,1
DA:266,1
DA:267,1
DA:268,1
DA:269,1
DA:270,1
DA:271,1
DA:272,1
DA:273,1
DA:274,1
DA:275,1
DA:276,1
DA:277,1
DA:278,1
DA:279,1
DA:280,1
DA:281,1
DA:282,1
DA:283,1
DA:284,1
DA:285,1
DA:286,1
DA:287,1
DA:288,1
DA:289,1
DA:290,1
DA:291,1
DA:292,1
DA:293,1
DA:294,1
DA:295,1
DA:296,1
DA:297,1
DA:298,1
DA:299,1
DA:300,1
DA:301,1
DA:302,1
DA:303,1
DA:304,1
DA:305,1
DA:306,1
DA:307,1
DA:308,1
DA:309,1
DA:310,1
DA:311,1
DA:312,1
DA:313,1
DA:314,1
DA:315,1
DA:316,1
DA:317,1
DA:318,1
DA:319,1
DA:320,1
DA:321,1
DA:322,1
DA:323,1
DA:324,17
DA:325,17
DA:326,17
DA:327,17
DA:328,17
DA:329,17
DA:330,17
DA:331,17
DA:332,17
DA:333,17
DA:334,17
DA:335,17
DA:336,17
DA:337,17
DA:338,17
DA:339,17
DA:340,17
DA:341,17
DA:342,17
DA:343,17
DA:344,17
DA:345,17
DA:346,17
DA:347,17
DA:348,17
DA:349,17
DA:350,17
DA:351,17
DA:352,17
DA:353,17
DA:354,17
DA:355,17
DA:356,17
DA:357,18
DA:358,0
DA:359,0
DA:360,0
DA:361,17
DA:362,17
DA:363,17
DA:364,0
DA:365,0
DA:366,0
DA:367,0
DA:368,0
DA:369,0
DA:370,17
DA:371,17
DA:372,0
DA:373,0
DA:374,17
DA:375,17
DA:376,0
DA:377,0
DA:378,17
DA:379,17
DA:380,0
DA:381,0
DA:382,0
DA:383,0
DA:384,0
DA:385,0
DA:386,0
DA:387,0
DA:388,0
DA:389,0
DA:390,0
DA:391,0
DA:392,0
DA:393,0
DA:394,0
DA:395,0
DA:396,0
DA:397,0
DA:398,0
DA:399,0
DA:400,0
DA:401,0
DA:402,0
DA:403,0
DA:404,0
DA:405,0
DA:406,0
DA:407,0
DA:408,0
DA:409,0
DA:410,0
DA:411,17
DA:412,17
DA:413,0
DA:414,0
DA:415,17
DA:416,17
DA:417,0
DA:418,0
DA:419,17
DA:420,17
DA:421,0
DA:422,0
DA:423,0
DA:424,0
DA:425,17
DA:426,17
DA:427,17
DA:428,17
DA:429,17
DA:430,17
DA:431,17
DA:432,17
DA:433,17
DA:434,1
DA:435,0
DA:436,1
DA:437,17
DA:438,17
DA:439,17
DA:440,17
DA:441,17
DA:442,17
DA:443,17
DA:444,17
DA:445,17
DA:446,17
DA:447,1
DA:448,0
DA:449,1
DA:450,17
DA:451,17
DA:452,17
DA:453,17
DA:454,17
DA:455,17
DA:456,17
DA:457,17
DA:458,17
DA:459,17
DA:460,17
DA:461,17
DA:462,17
DA:463,17
DA:464,17
DA:465,17
DA:466,18
DA:467,0
DA:468,0
DA:469,0
DA:470,17
DA:471,17
DA:472,17
DA:473,17
DA:474,18
DA:475,0
DA:476,0
DA:477,0
DA:478,17
DA:479,17
DA:480,17
DA:481,0
DA:482,0
DA:483,0
DA:484,0
DA:485,0
DA:486,0
DA:487,17
DA:488,17
DA:489,0
DA:490,0
DA:491,17
DA:492,17
DA:493,0
DA:494,0
DA:495,17
DA:496,17
DA:497,0
DA:498,0
DA:499,0
DA:500,0
DA:501,0
DA:502,0
DA:503,0
DA:504,0
DA:505,0
DA:506,0
DA:507,0
DA:508,0
DA:509,0
DA:510,0
DA:511,0
DA:512,0
DA:513,0
DA:514,0
DA:515,0
DA:516,0
DA:517,0
DA:518,0
DA:519,0
DA:520,0
DA:521,0
DA:522,0
DA:523,0
DA:524,0
DA:525,0
DA:526,0
DA:527,0
DA:528,17
DA:529,17
DA:530,0
DA:531,0
DA:532,0
DA:533,0
DA:534,0
DA:535,0
DA:536,17
DA:537,17
DA:538,0
DA:539,0
DA:540,17
DA:541,17
DA:542,0
DA:543,0
DA:544,17
DA:545,17
DA:546,0
DA:547,0
DA:548,17
DA:549,17
DA:550,0
DA:551,0
DA:552,0
DA:553,0
DA:554,0
DA:555,0
DA:556,0
DA:557,0
DA:558,0
DA:559,0
DA:560,0
DA:561,0
DA:562,0
DA:563,0
DA:564,0
DA:565,0
DA:566,0
DA:567,0
DA:568,0
DA:569,0
DA:570,0
DA:571,0
DA:572,0
DA:573,0
DA:574,0
DA:575,0
DA:576,0
DA:577,0
DA:578,0
DA:579,0
DA:580,0
DA:581,17
DA:582,17
DA:583,17
DA:584,17
DA:585,17
DA:586,17
DA:587,17
DA:588,17
DA:589,17
DA:590,17
DA:591,17
DA:592,17
DA:593,17
DA:594,17
DA:595,17
DA:596,17
DA:597,17
DA:598,17
DA:599,17
DA:600,17
DA:601,17
DA:602,17
DA:603,17
DA:604,17
DA:605,17
DA:606,17
DA:607,17
DA:608,17
DA:609,17
DA:610,17
DA:611,17
DA:612,17
DA:613,17
DA:614,17
DA:615,17
DA:616,17
DA:617,17
DA:618,17
DA:619,17
DA:620,17
DA:621,17
DA:622,17
DA:623,17
DA:624,17
DA:625,17
DA:626,17
DA:627,17
DA:628,17
DA:629,17
DA:630,17
DA:631,17
DA:632,17
DA:633,17
DA:634,17
DA:635,17
DA:636,17
DA:637,17
DA:638,17
DA:639,17
DA:640,17
DA:641,17
DA:642,17
DA:643,17
DA:644,17
DA:645,17
DA:646,17
DA:647,17
DA:648,17
DA:649,17
DA:650,17
DA:651,17
DA:652,17
DA:653,17
DA:654,17
DA:655,17
DA:656,17
DA:657,17
DA:658,17
DA:659,17
DA:660,17
DA:661,17
DA:662,17
DA:663,17
DA:664,17
DA:665,17
DA:666,17
DA:667,17
DA:668,17
DA:669,17
DA:670,17
DA:671,17
DA:672,17
DA:673,17
DA:674,17
DA:675,17
DA:676,17
DA:677,17
DA:678,17
DA:679,17
DA:680,17
DA:681,17
DA:682,17
DA:683,17
DA:684,17
DA:685,17
DA:686,17
DA:687,17
DA:688,17
DA:689,17
DA:690,17
DA:691,17
DA:692,17
DA:693,17
DA:694,17
DA:695,17
DA:696,17
DA:697,17
DA:698,17
DA:699,17
DA:700,17
DA:701,17
DA:702,17
DA:703,17
DA:704,17
DA:705,17
DA:706,17
DA:707,17
DA:708,17
DA:709,17
DA:710,17
DA:711,17
DA:712,17
DA:713,17
DA:714,17
DA:715,17
DA:716,17
DA:717,17
DA:718,17
DA:719,17
DA:720,17
DA:721,17
DA:722,17
DA:723,17
DA:724,17
DA:725,17
DA:726,17
DA:727,17
DA:728,17
DA:729,17
DA:730,17
DA:731,17
DA:732,17
DA:733,17
DA:734,17
DA:735,17
DA:736,17
DA:737,17
DA:738,17
DA:739,17
DA:740,17
DA:741,17
DA:742,17
DA:743,17
DA:744,17
DA:745,17
DA:746,17
DA:747,17
DA:748,17
DA:749,17
DA:750,17
DA:751,17
DA:752,17
DA:753,17
DA:754,17
DA:755,17
DA:756,17
DA:757,17
DA:758,17
DA:759,17
DA:760,17
DA:761,17
DA:762,17
LF:762
LH:613
BRDA:329,0,0,1
BRDA:330,1,0,1
BRDA:331,2,0,1
BRDA:356,3,0,18
BRDA:357,4,0,-
BRDA:357,5,0,-
BRDA:433,6,0,1
BRDA:434,7,0,-
BRDA:446,8,0,1
BRDA:447,9,0,-
BRDA:465,10,0,18
BRDA:466,11,0,17
BRDA:466,12,0,-
BRDA:473,13,0,18
BRDA:474,14,0,17
BRDA:474,15,0,-
BRF:16
BRH:10
end_of_record
TN:
SF:/Users/etienne.chabert/cost-goblin/packages/desktop/src/renderer/App.tsx
FN:5,getApi
FN:35,SunIcon
FN:51,MoonIcon
FN:64,App
FN:100,handleNavClick
FN:110,handleEntityClick
FN:114,handleBack
FN:118,handleToggleTheme
FN:122,handleSetupComplete
FN:159,onClick
FN:182,onClick
FNF:11
FNH:8
FNDA:13,getApi
FNDA:13,SunIcon
FNDA:1,MoonIcon
FNDA:13,App
FNDA:13,handleNavClick
FNDA:0,handleEntityClick
FNDA:0,handleBack
FNDA:2,handleToggleTheme
FNDA:0,handleSetupComplete
FNDA:11,onClick
FNDA:2,onClick
DA:1,1
DA:2,1
DA:3,1
DA:4,1
DA:5,13
DA:6,13
DA:7,13
DA:8,1
DA:9,1
DA:10,1
DA:11,1
DA:12,1
DA:13,1
DA:14,1
DA:15,1
DA:16,1
DA:17,1
DA:18,1
DA:19,1
DA:20,1
DA:21,1
DA:22,1
DA:23,1
DA:24,1
DA:25,1
DA:26,1
DA:27,1
DA:28,1
DA:29,1
DA:30,1
DA:31,1
DA:32,1
DA:33,1
DA:34,1
DA:35,13
DA:36,13
DA:37,13
DA:38,13
DA:39,13
DA:40,13
DA:41,13
DA:42,13
DA:43,13
DA:44,13
DA:45,13
DA:46,13
DA:47,13
DA:48,13
DA:49,13
DA:50,1
DA:51,1
DA:52,1
DA:53,1
DA:54,1
DA:55,1
DA:56,1
DA:57,1
DA:58,1
DA:59,1
DA:60,1
DA:61,1
DA:62,1
DA:63,1
DA:64,1
DA:65,13
DA:66,13
DA:67,13
DA:68,13
DA:69,13
DA:70,13
DA:71,13
DA:72,0
DA:73,0
DA:74,0
DA:75,13
DA:76,13
DA:77,13
DA:78,2
DA:79,2
DA:80,2
DA:81,2
DA:82,2
DA:83,2
DA:84,2
DA:85,2
DA:86,2
DA:87,2
DA:88,13
DA:89,13
DA:90,13
DA:91,14
DA:92,14
DA:93,0
DA:94,0
DA:95,14
DA:96,14
DA:97,14
DA:98,13
DA:99,13
DA:100,13
DA:101,13
DA:102,13
DA:103,13
DA:104,13
DA:105,13
DA:106,13
DA:107,13
DA:108,13
DA:109,13
DA:110,13
DA:111,0
DA:112,0
DA:113,13
DA:114,13
DA:115,0
DA:116,0
DA:117,13
DA:118,13
DA:119,2
DA:120,2
DA:121,13
DA:122,13
DA:123,0
DA:124,0
DA:125,0
DA:126,13
DA:127,13
DA:128,13
DA:129,13
DA:130,13
DA:131,13
DA:132,13
DA:133,13
DA:134,13
DA:135,13
DA:136,13
DA:137,13
DA:138,13
DA:139,13
DA:140,13
DA:141,13
DA:142,13
DA:143,13
DA:144,13
DA:145,13
DA:146,13
DA:147,13
DA:148,13
DA:149,13
DA:150,13
DA:151,13
DA:152,13
DA:153,13
DA:154,13
DA:155,13
DA:156,52
DA:157,52
DA:158,13
DA:159,13
DA:160,13
DA:161,13
DA:162,13
DA:163,13
DA:164,13
DA:165,13
DA:166,13
DA:167,13
DA:168,13
DA:169,13
DA:170,13
DA:171,13
DA:172,13
DA:173,13
DA:174,13
DA:175,13
DA:176,13
DA:177,13
DA:178,13
DA:179,13
DA:180,13
DA:181,13
DA:182,13
DA:183,13
DA:184,13
DA:185,13
DA:186,13
DA:187,13
DA:188,13
DA:189,13
DA:190,13
DA:191,13
DA:192,13
DA:193,13
DA:194,13
DA:195,13
DA:196,13
DA:197,13
DA:198,13
DA:199,13
DA:200,13
DA:201,13
DA:202,13
DA:203,13
DA:204,13
DA:205,13
DA:206,13
DA:207,13
DA:208,13
DA:209,13
DA:210,13
DA:211,13
DA:212,13
DA:213,13
DA:214,13
DA:215,13
DA:216,13
DA:217,13
DA:218,13
DA:219,13
DA:220,13
LF:220
LH:208
BRDA:51,0,0,1
BRDA:100,1,0,13
BRDA:102,2,0,3
BRDA:103,3,0,3
BRDA:104,4,0,3
BRDA:105,5,0,2
BRDA:106,6,0,2
BRDA:118,7,0,2
BRDA:119,8,0,2
BRDA:159,9,0,5
BRDA:182,10,0,1
BRDA:95,0,0,14
BRDA:159,7,0,11
BRDA:182,8,0,2
BRF:14
BRH:14
end_of_record
TN:
SF:/Users/etienne.chabert/cost-goblin/packages/desktop/src/renderer/main.tsx
FNF:0
FNH:0
DA:1,1
DA:2,1
DA:3,1
DA:4,1
DA:5,1
DA:6,1
DA:7,1
DA:8,1
DA:9,1
DA:10,1
DA:11,1
DA:12,1
DA:13,1
LF:13
LH:13
BRF:0
BRH:0
end_of_record